c:\users\zacam\desktop\game programming\semester 6\game engines 5\assignment 1\componentframework\debug\vc143.pdb
c:\users\zacam\desktop\game programming\semester 6\game engines 5\assignment 1\componentframework\debug\vc143.idb
c:\users\zacam\desktop\game programming\semester 6\game engines 5\assignment 1\componentframework\debug\window.obj
c:\users\zacam\desktop\game programming\semester 6\game engines 5\assignment 1\componentframework\debug\vmath.obj
c:\users\zacam\desktop\game programming\semester 6\game engines 5\assignment 1\componentframework\debug\transformcomponent.obj
c:\users\zacam\desktop\game programming\semester 6\game engines 5\assignment 1\componentframework\debug\timer.obj
c:\users\zacam\desktop\game programming\semester 6\game engines 5\assignment 1\componentframework\debug\shadercomponent.obj
c:\users\zacam\desktop\game programming\semester 6\game engines 5\assignment 1\componentframework\debug\mmath.obj
c:\users\zacam\desktop\game programming\semester 6\game engines 5\assignment 1\componentframework\debug\main.obj
c:\users\zacam\desktop\game programming\semester 6\game engines 5\assignment 1\componentframework\debug\scenemanager.obj
c:\users\zacam\desktop\game programming\semester 6\game engines 5\assignment 1\componentframework\debug\scene2.obj
c:\users\zacam\desktop\game programming\semester 6\game engines 5\assignment 1\componentframework\debug\qmath.obj
c:\users\zacam\desktop\game programming\semester 6\game engines 5\assignment 1\componentframework\debug\meshcomponent.obj
c:\users\zacam\desktop\game programming\semester 6\game engines 5\assignment 1\componentframework\debug\materialcomponent.obj
c:\users\zacam\desktop\game programming\semester 6\game engines 5\assignment 1\componentframework\debug\lightactor.obj
c:\users\zacam\desktop\game programming\semester 6\game engines 5\assignment 1\componentframework\debug\emath.obj
c:\users\zacam\desktop\game programming\semester 6\game engines 5\assignment 1\componentframework\debug\debug.obj
c:\users\zacam\desktop\game programming\semester 6\game engines 5\assignment 1\componentframework\debug\cameraactor.obj
c:\users\zacam\desktop\game programming\semester 6\game engines 5\assignment 1\componentframework\debug\assetmanager.obj
c:\users\zacam\desktop\game programming\semester 6\game engines 5\assignment 1\componentframework\debug\actor.obj
c:\users\zacam\desktop\game programming\semester 6\game engines 5\assignment 1\debug\componentframework.exe
c:\users\zacam\desktop\game programming\semester 6\game engines 5\assignment 1\componentframework\debug\componentframework.ilk
c:\users\zacam\desktop\game programming\semester 6\game engines 5\assignment 1\debug\componentframework.pdb
c:\users\zacam\desktop\game programming\semester 6\game engines 5\assignment 1\componentframework\debug\componen.614c2865.tlog\cl.command.1.tlog
c:\users\zacam\desktop\game programming\semester 6\game engines 5\assignment 1\componentframework\debug\componen.614c2865.tlog\cl.read.1.tlog
c:\users\zacam\desktop\game programming\semester 6\game engines 5\assignment 1\componentframework\debug\componen.614c2865.tlog\cl.write.1.tlog
c:\users\zacam\desktop\game programming\semester 6\game engines 5\assignment 1\componentframework\debug\componen.614c2865.tlog\link.command.1.tlog
c:\users\zacam\desktop\game programming\semester 6\game engines 5\assignment 1\componentframework\debug\componen.614c2865.tlog\link.read.1.tlog
c:\users\zacam\desktop\game programming\semester 6\game engines 5\assignment 1\componentframework\debug\componen.614c2865.tlog\link.write.1.tlog
